{
  "stats": {
    "suites": 1,
    "tests": 1,
    "passes": 1,
    "pending": 0,
    "failures": 0,
    "start": "2024-11-18T08:54:00.577Z",
    "end": "2024-11-18T08:54:13.508Z",
    "duration": 12931,
    "testsRegistered": 1,
    "passPercent": 100,
    "pendingPercent": 0,
    "other": 0,
    "hasOther": false,
    "skipped": 0,
    "hasSkipped": false
  },
  "results": [
    {
      "uuid": "dbf8d9bf-cce4-4a36-bf4c-b8e7a3ed5e98",
      "title": "",
      "fullFile": "cypress/e2e/LoginBeforeCheckout.cy.js",
      "file": "cypress/e2e/LoginBeforeCheckout.cy.js",
      "beforeHooks": [],
      "afterHooks": [],
      "tests": [],
      "suites": [
        {
          "uuid": "5b4cb505-1cf8-4af1-a683-273a15cfc93b",
          "title": "login into the website",
          "fullFile": "",
          "file": "",
          "beforeHooks": [],
          "afterHooks": [],
          "tests": [
            {
              "title": "login before checkout",
              "fullTitle": "login into the website login before checkout",
              "timedOut": null,
              "duration": 11305,
              "state": "passed",
              "speed": "slow",
              "pass": true,
              "fail": false,
              "pending": false,
              "context": null,
              "code": "cy.visit('https://automationexercise.com/');\ncy.get('.logo').should('be.visible');\ncy.get('.nav.navbar-nav').should('be.visible');\ncy.get('a').contains('Signup / Login').click();\ncy.get('.login-form > h2').should('be.visible').should('contain', 'Login to your account');\ncy.fixture('userData.json').as('userData');\ncy.get('@userData').then(user => {\n  cy.get('[data-qa=\"login-email\"]').type(user.email);\n  cy.get('[data-qa=\"login-password\"]').type(user.password);\n  cy.get('[data-qa=\"login-button\"]').click();\n  cy.contains('Logged in as').should('be.visible');\n  cy.get('.single-products').first().trigger('mouseover');\n  cy.get('a.btn.btn-default.add-to-cart').first().should('be.visible').click();\n  cy.get('button.btn.btn-success.close-modal.btn-block').click();\n  cy.get('a').contains('Cart').click({\n    force: true\n  });\n  cy.get('.active').should('be.visible').contains('Shopping Cart');\n  cy.get('a').contains('Proceed To Checkout').click();\n  cy.get('#address_delivery > .address_firstname').should('have.text', 'Mr. Jhon Smith');\n  cy.get('#address_delivery > :nth-child(4)').should('have.text', 'Moscow, Moscow-Plaza, 10');\n  cy.get('#address_invoice > .address_firstname').should('have.text', 'Mr. Jhon Smith');\n  cy.get('#address_invoice > .address_city').should('contain', '1234567');\n  cy.get('.form-control').type('Test payment');\n  cy.get('a').contains('Place Order').click();\n  cy.get('[data-qa=\"name-on-card\"]').type('Jhon Smith');\n  cy.get('[data-qa=\"card-number\"]').type('2345-5555-5555-1111');\n  cy.get('[data-qa=\"cvc\"]').type('000');\n  cy.get('[data-qa=\"expiry-month\"]').type('25');\n  cy.get('[data-qa=\"expiry-year\"]').type('1888');\n  cy.get('[data-qa=\"pay-button\"]').click();\n  cy.get('.col-sm-9 > p').should('be.visible').should('have.text', 'Congratulations! Your order has been confirmed!');\n});",
              "err": {},
              "uuid": "eb728cea-6176-41a6-836f-befd12890eea",
              "parentUUID": "5b4cb505-1cf8-4af1-a683-273a15cfc93b",
              "isHook": false,
              "skipped": false
            }
          ],
          "suites": [],
          "passes": [
            "eb728cea-6176-41a6-836f-befd12890eea"
          ],
          "failures": [],
          "pending": [],
          "skipped": [],
          "duration": 11305,
          "root": false,
          "rootEmpty": false,
          "_timeout": 2000
        }
      ],
      "passes": [],
      "failures": [],
      "pending": [],
      "skipped": [],
      "duration": 0,
      "root": true,
      "rootEmpty": true,
      "_timeout": 2000
    }
  ],
  "meta": {
    "mocha": {
      "version": "7.0.1"
    },
    "mochawesome": {
      "options": {
        "quiet": false,
        "reportFilename": "mochawesome",
        "saveHtml": true,
        "saveJson": true,
        "consoleReporter": "spec",
        "useInlineDiffs": false,
        "code": true
      },
      "version": "7.1.3"
    },
    "marge": {
      "options": {
        "reportDir": "cypress/results/.jsons",
        "overwrite": true,
        "html": true,
        "json": true,
        "timestamp": "yyyy-mm-dd HH:MM:ss"
      },
      "version": "6.2.0"
    }
  }
}