{
  "stats": {
    "suites": 1,
    "tests": 1,
    "passes": 1,
    "pending": 0,
    "failures": 0,
    "start": "2024-11-18T08:53:07.770Z",
    "end": "2024-11-18T08:53:12.069Z",
    "duration": 4299,
    "testsRegistered": 1,
    "passPercent": 100,
    "pendingPercent": 0,
    "other": 0,
    "hasOther": false,
    "skipped": 0,
    "hasSkipped": false
  },
  "results": [
    {
      "uuid": "fd8c6def-2d12-4038-b74a-4d3cb61cf7bc",
      "title": "",
      "fullFile": "cypress/e2e/AllProductsAndProductDetail.cy.js",
      "file": "cypress/e2e/AllProductsAndProductDetail.cy.js",
      "beforeHooks": [],
      "afterHooks": [],
      "tests": [],
      "suites": [
        {
          "uuid": "edb55ffd-1b08-44d9-aeb2-17267f5f8406",
          "title": "Can open the product page and detail product",
          "fullFile": "",
          "file": "",
          "beforeHooks": [],
          "afterHooks": [],
          "tests": [
            {
              "title": "Verify Test Cases Page",
              "fullTitle": "Can open the product page and detail product Verify Test Cases Page",
              "timedOut": null,
              "duration": 2758,
              "state": "passed",
              "speed": "fast",
              "pass": true,
              "fail": false,
              "pending": false,
              "context": null,
              "code": "cy.visit('https://automationexercise.com/');\ncy.get('.logo').should('be.visible');\ncy.get('.nav.navbar-nav').should('be.visible');\ncy.get('a').contains('Products').click();\ncy.url().should('contain', '/products');\ncy.get('.title').contains('All Products');\ncy.get('.features_items').should('be.visible');\ncy.get(':nth-child(3) > .product-image-wrapper > .choose > .nav > li > a').click();\ncy.url().should('contain', '/product_details/1');\ncy.get('.product-information > h2').should('be.visible');\ncy.get('.product-information > :nth-child(3)').should('be.visible');\ncy.get(':nth-child(6) > b').should('be.visible');\ncy.get(':nth-child(7) > b').should('be.visible');\ncy.get(':nth-child(8) > b').should('be.visible');",
              "err": {},
              "uuid": "989674de-9cfe-449b-8b1b-b777a25a73bf",
              "parentUUID": "edb55ffd-1b08-44d9-aeb2-17267f5f8406",
              "isHook": false,
              "skipped": false
            }
          ],
          "suites": [],
          "passes": [
            "989674de-9cfe-449b-8b1b-b777a25a73bf"
          ],
          "failures": [],
          "pending": [],
          "skipped": [],
          "duration": 2758,
          "root": false,
          "rootEmpty": false,
          "_timeout": 2000
        }
      ],
      "passes": [],
      "failures": [],
      "pending": [],
      "skipped": [],
      "duration": 0,
      "root": true,
      "rootEmpty": true,
      "_timeout": 2000
    }
  ],
  "meta": {
    "mocha": {
      "version": "7.0.1"
    },
    "mochawesome": {
      "options": {
        "quiet": false,
        "reportFilename": "mochawesome",
        "saveHtml": true,
        "saveJson": true,
        "consoleReporter": "spec",
        "useInlineDiffs": false,
        "code": true
      },
      "version": "7.1.3"
    },
    "marge": {
      "options": {
        "reportDir": "cypress/results/.jsons",
        "overwrite": true,
        "html": true,
        "json": true,
        "timestamp": "yyyy-mm-dd HH:MM:ss"
      },
      "version": "6.2.0"
    }
  }
}