{
  "stats": {
    "suites": 1,
    "tests": 1,
    "passes": 1,
    "pending": 0,
    "failures": 0,
    "start": "2024-11-18T08:57:07.299Z",
    "end": "2024-11-18T08:57:09.676Z",
    "duration": 2377,
    "testsRegistered": 1,
    "passPercent": 100,
    "pendingPercent": 0,
    "other": 0,
    "hasOther": false,
    "skipped": 0,
    "hasSkipped": false
  },
  "results": [
    {
      "uuid": "bd91f112-01cd-4959-a47e-6a1483aa1d6e",
      "title": "",
      "fullFile": "cypress/e2e/VerifyScrollUpwithoutArrowbuttonandScrollDownfunctionality.cy.js",
      "file": "cypress/e2e/VerifyScrollUpwithoutArrowbuttonandScrollDownfunctionality.cy.js",
      "beforeHooks": [],
      "afterHooks": [],
      "tests": [],
      "suites": [
        {
          "uuid": "fe6e4a76-afa8-4ab8-99bc-f8cea1dd4844",
          "title": "Scroll Up using Arrow button",
          "fullFile": "",
          "file": "",
          "beforeHooks": [],
          "afterHooks": [],
          "tests": [
            {
              "title": "Scroll Up using Arrow button and Scroll Down functionality",
              "fullTitle": "Scroll Up using Arrow button Scroll Up using Arrow button and Scroll Down functionality",
              "timedOut": null,
              "duration": 903,
              "state": "passed",
              "speed": "fast",
              "pass": true,
              "fail": false,
              "pending": false,
              "context": null,
              "code": "cy.visit('https://automationexercise.com/');\ncy.get('.logo').should('be.visible');\ncy.get('.nav.navbar-nav').should('be.visible');\ncy.get('footer').scrollIntoView();\ncy.get('.single-widget > h2').should('contain', 'Subscription');\ncy.get('header').scrollIntoView();\ncy.contains('Full-Fledged practice website for Automation Engineers').should('be.visible');",
              "err": {},
              "uuid": "286c7384-641e-487f-9ed1-6c105ba4f783",
              "parentUUID": "fe6e4a76-afa8-4ab8-99bc-f8cea1dd4844",
              "isHook": false,
              "skipped": false
            }
          ],
          "suites": [],
          "passes": [
            "286c7384-641e-487f-9ed1-6c105ba4f783"
          ],
          "failures": [],
          "pending": [],
          "skipped": [],
          "duration": 903,
          "root": false,
          "rootEmpty": false,
          "_timeout": 2000
        }
      ],
      "passes": [],
      "failures": [],
      "pending": [],
      "skipped": [],
      "duration": 0,
      "root": true,
      "rootEmpty": true,
      "_timeout": 2000
    }
  ],
  "meta": {
    "mocha": {
      "version": "7.0.1"
    },
    "mochawesome": {
      "options": {
        "quiet": false,
        "reportFilename": "mochawesome",
        "saveHtml": true,
        "saveJson": true,
        "consoleReporter": "spec",
        "useInlineDiffs": false,
        "code": true
      },
      "version": "7.1.3"
    },
    "marge": {
      "options": {
        "reportDir": "cypress/results/.jsons",
        "overwrite": true,
        "html": true,
        "json": true,
        "timestamp": "yyyy-mm-dd HH:MM:ss"
      },
      "version": "6.2.0"
    }
  }
}