{
  "stats": {
    "suites": 1,
    "tests": 1,
    "passes": 1,
    "pending": 0,
    "failures": 0,
    "start": "2024-11-18T08:52:56.345Z",
    "end": "2024-11-18T08:53:06.209Z",
    "duration": 9864,
    "testsRegistered": 1,
    "passPercent": 100,
    "pendingPercent": 0,
    "other": 0,
    "hasOther": false,
    "skipped": 0,
    "hasSkipped": false
  },
  "results": [
    {
      "uuid": "2346eac9-a1a9-4c76-8079-15cd21b43bc6",
      "title": "",
      "fullFile": "cypress/e2e/AddToCartfromRecommendedItems.cy.js",
      "file": "cypress/e2e/AddToCartfromRecommendedItems.cy.js",
      "beforeHooks": [],
      "afterHooks": [],
      "tests": [],
      "suites": [
        {
          "uuid": "b258c412-a8ac-42bd-a11e-87d98ad60dc5",
          "title": "Add recommended item",
          "fullFile": "",
          "file": "",
          "beforeHooks": [],
          "afterHooks": [],
          "tests": [
            {
              "title": "Add to cart from Recommended items",
              "fullTitle": "Add recommended item Add to cart from Recommended items",
              "timedOut": null,
              "duration": 8177,
              "state": "passed",
              "speed": "medium",
              "pass": true,
              "fail": false,
              "pending": false,
              "context": null,
              "code": "cy.visit('https://automationexercise.com/');\ncy.get('.recommended_items > .title').should('be.visible').scrollIntoView();\ncy.wait(6000);\ncy.get('.active > :nth-child(2) > .product-image-wrapper > .single-products > .productinfo').should('be.visible').find('a.add-to-cart').click();\ncy.get('u').should('have.text', 'View Cart').click();\ncy.get('#cart_info_table').within(() => {\n  cy.get('.cart_product > a > img').should('have.attr', 'src', 'get_product_picture/2');\n  cy.get('td.cart_price p').should('have.text', 'Rs. 400');\n  cy.get('td.cart_quantity button').should('have.text', '1');\n  cy.get('td.cart_total p.cart_total_price').should('have.text', 'Rs. 400');\n});",
              "err": {},
              "uuid": "0f1867c9-a864-49cd-a57a-5efebb863244",
              "parentUUID": "b258c412-a8ac-42bd-a11e-87d98ad60dc5",
              "isHook": false,
              "skipped": false
            }
          ],
          "suites": [],
          "passes": [
            "0f1867c9-a864-49cd-a57a-5efebb863244"
          ],
          "failures": [],
          "pending": [],
          "skipped": [],
          "duration": 8177,
          "root": false,
          "rootEmpty": false,
          "_timeout": 2000
        }
      ],
      "passes": [],
      "failures": [],
      "pending": [],
      "skipped": [],
      "duration": 0,
      "root": true,
      "rootEmpty": true,
      "_timeout": 2000
    }
  ],
  "meta": {
    "mocha": {
      "version": "7.0.1"
    },
    "mochawesome": {
      "options": {
        "quiet": false,
        "reportFilename": "mochawesome",
        "saveHtml": true,
        "saveJson": true,
        "consoleReporter": "spec",
        "useInlineDiffs": false,
        "code": true
      },
      "version": "7.1.3"
    },
    "marge": {
      "options": {
        "reportDir": "cypress/results/.jsons",
        "overwrite": true,
        "html": true,
        "json": true,
        "timestamp": "yyyy-mm-dd HH:MM:ss"
      },
      "version": "6.2.0"
    }
  }
}