{
  "stats": {
    "suites": 1,
    "tests": 1,
    "passes": 1,
    "pending": 0,
    "failures": 0,
    "start": "2024-11-18T08:57:16.978Z",
    "end": "2024-11-18T08:57:20.943Z",
    "duration": 3965,
    "testsRegistered": 1,
    "passPercent": 100,
    "pendingPercent": 0,
    "other": 0,
    "hasOther": false,
    "skipped": 0,
    "hasSkipped": false
  },
  "results": [
    {
      "uuid": "f96bd7ee-41d0-4ab1-9c86-62980cce4965",
      "title": "",
      "fullFile": "cypress/e2e/ViewCategoryProduct.cy.js",
      "file": "cypress/e2e/ViewCategoryProduct.cy.js",
      "beforeHooks": [],
      "afterHooks": [],
      "tests": [],
      "suites": [
        {
          "uuid": "f4c8b5d5-7b79-426d-ac9e-6ab890594f79",
          "title": "Remove products",
          "fullFile": "",
          "file": "",
          "beforeHooks": [],
          "afterHooks": [],
          "tests": [
            {
              "title": "Remove Products from Cart",
              "fullTitle": "Remove products Remove Products from Cart",
              "timedOut": null,
              "duration": 2564,
              "state": "passed",
              "speed": "fast",
              "pass": true,
              "fail": false,
              "pending": false,
              "context": null,
              "code": "cy.visit('https://automationexercise.com/');\ncy.get('.left-sidebar').should('be.visible');\ncy.get('a').contains('Women').click();\ncy.get('#Women > .panel-body > ul > :nth-child(1) > a').click();\ncy.get('.title').should('have.text', 'Women - Dress Products');\ncy.get(':nth-child(2) > .panel-heading > .panel-title > a').click();\ncy.get('#Men > .panel-body > ul > :nth-child(1) > a').click();\ncy.get('.title').should('have.text', 'Men - Tshirts Products');\ncy.url().should('contain', '/category_products/3');",
              "err": {},
              "uuid": "37db41bd-f0c6-43e3-8641-44894f163cfc",
              "parentUUID": "f4c8b5d5-7b79-426d-ac9e-6ab890594f79",
              "isHook": false,
              "skipped": false
            }
          ],
          "suites": [],
          "passes": [
            "37db41bd-f0c6-43e3-8641-44894f163cfc"
          ],
          "failures": [],
          "pending": [],
          "skipped": [],
          "duration": 2564,
          "root": false,
          "rootEmpty": false,
          "_timeout": 2000
        }
      ],
      "passes": [],
      "failures": [],
      "pending": [],
      "skipped": [],
      "duration": 0,
      "root": true,
      "rootEmpty": true,
      "_timeout": 2000
    }
  ],
  "meta": {
    "mocha": {
      "version": "7.0.1"
    },
    "mochawesome": {
      "options": {
        "quiet": false,
        "reportFilename": "mochawesome",
        "saveHtml": true,
        "saveJson": true,
        "consoleReporter": "spec",
        "useInlineDiffs": false,
        "code": true
      },
      "version": "7.1.3"
    },
    "marge": {
      "options": {
        "reportDir": "cypress/results/.jsons",
        "overwrite": true,
        "html": true,
        "json": true,
        "timestamp": "yyyy-mm-dd HH:MM:ss"
      },
      "version": "6.2.0"
    }
  }
}