{
  "stats": {
    "suites": 1,
    "tests": 1,
    "passes": 1,
    "pending": 0,
    "failures": 0,
    "start": "2024-11-18T08:57:03.138Z",
    "end": "2024-11-18T08:57:05.810Z",
    "duration": 2672,
    "testsRegistered": 1,
    "passPercent": 100,
    "pendingPercent": 0,
    "other": 0,
    "hasOther": false,
    "skipped": 0,
    "hasSkipped": false
  },
  "results": [
    {
      "uuid": "40ebe9e5-108a-4a00-b4db-c7777377a3e3",
      "title": "",
      "fullFile": "cypress/e2e/VerifyScrollUpusingArrowbuttonandScrollDownfunctionality.cy.js",
      "file": "cypress/e2e/VerifyScrollUpusingArrowbuttonandScrollDownfunctionality.cy.js",
      "beforeHooks": [],
      "afterHooks": [],
      "tests": [],
      "suites": [
        {
          "uuid": "9002f759-e9fa-4869-88be-9d7683dcddf9",
          "title": "Scroll Up using Arrow button",
          "fullFile": "",
          "file": "",
          "beforeHooks": [],
          "afterHooks": [],
          "tests": [
            {
              "title": "Scroll Up using Arrow button and Scroll Down functionality",
              "fullTitle": "Scroll Up using Arrow button Scroll Up using Arrow button and Scroll Down functionality",
              "timedOut": null,
              "duration": 1129,
              "state": "passed",
              "speed": "fast",
              "pass": true,
              "fail": false,
              "pending": false,
              "context": null,
              "code": "cy.visit('https://automationexercise.com/');\ncy.get('.logo').should('be.visible');\ncy.get('.nav.navbar-nav').should('be.visible');\ncy.get('footer').scrollIntoView();\ncy.get('.single-widget > h2').should('contain', 'Subscription');\ncy.get('a#scrollUp').should('be.visible').click();\ncy.contains('Full-Fledged practice website for Automation Engineers').should('be.visible');",
              "err": {},
              "uuid": "676f9aac-284b-41b9-a282-265d0434eac2",
              "parentUUID": "9002f759-e9fa-4869-88be-9d7683dcddf9",
              "isHook": false,
              "skipped": false
            }
          ],
          "suites": [],
          "passes": [
            "676f9aac-284b-41b9-a282-265d0434eac2"
          ],
          "failures": [],
          "pending": [],
          "skipped": [],
          "duration": 1129,
          "root": false,
          "rootEmpty": false,
          "_timeout": 2000
        }
      ],
      "passes": [],
      "failures": [],
      "pending": [],
      "skipped": [],
      "duration": 0,
      "root": true,
      "rootEmpty": true,
      "_timeout": 2000
    }
  ],
  "meta": {
    "mocha": {
      "version": "7.0.1"
    },
    "mochawesome": {
      "options": {
        "quiet": false,
        "reportFilename": "mochawesome",
        "saveHtml": true,
        "saveJson": true,
        "consoleReporter": "spec",
        "useInlineDiffs": false,
        "code": true
      },
      "version": "7.1.3"
    },
    "marge": {
      "options": {
        "reportDir": "cypress/results/.jsons",
        "overwrite": true,
        "html": true,
        "json": true,
        "timestamp": "yyyy-mm-dd HH:MM:ss"
      },
      "version": "6.2.0"
    }
  }
}