{
  "stats": {
    "suites": 1,
    "tests": 1,
    "passes": 1,
    "pending": 0,
    "failures": 0,
    "start": "2024-11-18T08:54:30.535Z",
    "end": "2024-11-18T08:55:02.812Z",
    "duration": 32277,
    "testsRegistered": 1,
    "passPercent": 100,
    "pendingPercent": 0,
    "other": 0,
    "hasOther": false,
    "skipped": 0,
    "hasSkipped": false
  },
  "results": [
    {
      "uuid": "c5958ed7-deb9-4e0b-8333-1f564d5c78a8",
      "title": "",
      "fullFile": "cypress/e2e/RegisterUser.cy.js",
      "file": "cypress/e2e/RegisterUser.cy.js",
      "beforeHooks": [],
      "afterHooks": [],
      "tests": [],
      "suites": [
        {
          "uuid": "9c1d1b9c-9139-4dc7-941e-80a875bac8c6",
          "title": "template spec",
          "fullFile": "",
          "file": "",
          "beforeHooks": [],
          "afterHooks": [],
          "tests": [
            {
              "title": "passes",
              "fullTitle": "template spec passes",
              "timedOut": null,
              "duration": 30793,
              "state": "passed",
              "speed": "slow",
              "pass": true,
              "fail": false,
              "pending": false,
              "context": null,
              "code": "const baseEmail = 'testuser1@example.com';\nconst username = 'Test User';\ncy.visit('https://automationexercise.com/');\ncy.get('.logo').should('be.visible');\ncy.get('.nav.navbar-nav').should('be.visible');\ncy.get('a').contains('Signup / Login').click();\ncy.get('.signup-form > h2').should('be.visible');\ncy.get('[data-qa=\"signup-name\"]').type(username);\ncy.get('[data-qa=\"signup-email\"]').type(baseEmail, {\n  delay: 200\n});\ncy.get('[data-qa=\"signup-button\"]').click();\ncy.get('.signup-form > form > p').should('contain', 'Email Address already exist!');\nconst timestamp = new Date().getTime(); // Генерация уникального email\nconst newEmail = `testuser${timestamp}@example.com`;\ncy.get('[data-qa=\"signup-email\"]').clear().type(newEmail, {\n  delay: 200\n});\ncy.wait(5000);\ncy.get('[data-qa=\"signup-button\"]').click();\ncy.get('h2.title.text-center').should('be.visible');\ncy.get('#id_gender1').check();\ncy.get('[data-qa=\"password\"]').type('test123');\ncy.get('[data-qa=\"days\"]').select(25);\ncy.get('[data-qa=\"months\"]').select('June');\ncy.get('[data-qa=\"years\"]').select('1994');\ncy.get('#newsletter').check();\ncy.get('#newsletter').check();\ncy.get('[data-qa=\"first_name\"]').type('Jhon');\ncy.get('[data-qa=\"last_name\"]').type('Smith');\ncy.get('[data-qa=\"company\"]').type('OZON');\ncy.get('[data-qa=\"address\"]').type('Moscow, Moscow-Plaza, 10');\ncy.get('[data-qa=\"address2\"]').type('Saint-Peterburg, Newskogo 12/2');\ncy.get('[data-qa=\"country\"]').select('Canada');\ncy.get('[data-qa=\"state\"]').type('Moscow region');\ncy.get('[data-qa=\"city\"]').type('Moscow');\ncy.get('[data-qa=\"zipcode\"]').type('1234567');\ncy.get('[data-qa=\"mobile_number\"]').type('+9182345123');\ncy.get('[data-qa=\"create-account\"]').click();\ncy.get('[data-qa=\"account-created\"]').should('be.visible');\ncy.get('[data-qa=\"continue-button\"]').click();\ncy.get(':nth-child(10) > a').should('be.visible').should('contain', `Logged in as ${username}`);\ncy.get('.shop-menu > .nav > :nth-child(4) > a').should('contain', 'Logout').click();\ncy.url().should('include', '/login');",
              "err": {},
              "uuid": "f4664cdd-f989-41b4-9292-a1f9e86dc557",
              "parentUUID": "9c1d1b9c-9139-4dc7-941e-80a875bac8c6",
              "isHook": false,
              "skipped": false
            }
          ],
          "suites": [],
          "passes": [
            "f4664cdd-f989-41b4-9292-a1f9e86dc557"
          ],
          "failures": [],
          "pending": [],
          "skipped": [],
          "duration": 30793,
          "root": false,
          "rootEmpty": false,
          "_timeout": 2000
        }
      ],
      "passes": [],
      "failures": [],
      "pending": [],
      "skipped": [],
      "duration": 0,
      "root": true,
      "rootEmpty": true,
      "_timeout": 2000
    }
  ],
  "meta": {
    "mocha": {
      "version": "7.0.1"
    },
    "mochawesome": {
      "options": {
        "quiet": false,
        "reportFilename": "mochawesome",
        "saveHtml": true,
        "saveJson": true,
        "consoleReporter": "spec",
        "useInlineDiffs": false,
        "code": true
      },
      "version": "7.1.3"
    },
    "marge": {
      "options": {
        "reportDir": "cypress/results/.jsons",
        "overwrite": true,
        "html": true,
        "json": true,
        "timestamp": "yyyy-mm-dd HH:MM:ss"
      },
      "version": "6.2.0"
    }
  }
}