{
  "stats": {
    "suites": 1,
    "tests": 1,
    "passes": 1,
    "pending": 0,
    "failures": 0,
    "start": "2024-11-18T08:56:03.439Z",
    "end": "2024-11-18T08:56:07.597Z",
    "duration": 4158,
    "testsRegistered": 1,
    "passPercent": 100,
    "pendingPercent": 0,
    "other": 0,
    "hasOther": false,
    "skipped": 0,
    "hasSkipped": false
  },
  "results": [
    {
      "uuid": "c1fc35da-5bb2-47ec-9f8d-50a366cfc4f6",
      "title": "",
      "fullFile": "cypress/e2e/SubscribeInCartPage.cy.js",
      "file": "cypress/e2e/SubscribeInCartPage.cy.js",
      "beforeHooks": [],
      "afterHooks": [],
      "tests": [],
      "suites": [
        {
          "uuid": "843ff804-b97c-4f37-a6e6-ab978bbb4a4e",
          "title": "Subscription from the home page",
          "fullFile": "",
          "file": "",
          "beforeHooks": [],
          "afterHooks": [],
          "tests": [
            {
              "title": "Verify Subscription in home page",
              "fullTitle": "Subscription from the home page Verify Subscription in home page",
              "timedOut": null,
              "duration": 2630,
              "state": "passed",
              "speed": "fast",
              "pass": true,
              "fail": false,
              "pending": false,
              "context": null,
              "code": "cy.visit('https://automationexercise.com/');\ncy.get('.logo').should('be.visible');\ncy.get('.nav.navbar-nav').should('be.visible');\ncy.get('a').contains('Cart').click({\n  force: true\n});\ncy.get('#footer').scrollIntoView();\ncy.get('.single-widget > h2').should('contain', 'Subscription');\ncy.get('#susbscribe_email').type('test@gmail.com');\ncy.get('#subscribe').click();\ncy.contains('You have been successfully subscribed!').should('be.visible');",
              "err": {},
              "uuid": "51f51419-9043-49c0-8e6e-f8f0c6f1fcff",
              "parentUUID": "843ff804-b97c-4f37-a6e6-ab978bbb4a4e",
              "isHook": false,
              "skipped": false
            }
          ],
          "suites": [],
          "passes": [
            "51f51419-9043-49c0-8e6e-f8f0c6f1fcff"
          ],
          "failures": [],
          "pending": [],
          "skipped": [],
          "duration": 2630,
          "root": false,
          "rootEmpty": false,
          "_timeout": 2000
        }
      ],
      "passes": [],
      "failures": [],
      "pending": [],
      "skipped": [],
      "duration": 0,
      "root": true,
      "rootEmpty": true,
      "_timeout": 2000
    }
  ],
  "meta": {
    "mocha": {
      "version": "7.0.1"
    },
    "mochawesome": {
      "options": {
        "quiet": false,
        "reportFilename": "mochawesome",
        "saveHtml": true,
        "saveJson": true,
        "consoleReporter": "spec",
        "useInlineDiffs": false,
        "code": true
      },
      "version": "7.1.3"
    },
    "marge": {
      "options": {
        "reportDir": "cypress/results/.jsons",
        "overwrite": true,
        "html": true,
        "json": true,
        "timestamp": "yyyy-mm-dd HH:MM:ss"
      },
      "version": "6.2.0"
    }
  }
}