{
  "stats": {
    "suites": 1,
    "tests": 1,
    "passes": 1,
    "pending": 0,
    "failures": 0,
    "start": "2024-11-18T08:56:14.691Z",
    "end": "2024-11-18T08:56:17.872Z",
    "duration": 3181,
    "testsRegistered": 1,
    "passPercent": 100,
    "pendingPercent": 0,
    "other": 0,
    "hasOther": false,
    "skipped": 0,
    "hasSkipped": false
  },
  "results": [
    {
      "uuid": "2085ef8a-0a0f-4a74-acfa-6a7c72405fc7",
      "title": "",
      "fullFile": "cypress/e2e/TestCasePageIsVisble.cy.js",
      "file": "cypress/e2e/TestCasePageIsVisble.cy.js",
      "beforeHooks": [],
      "afterHooks": [],
      "tests": [],
      "suites": [
        {
          "uuid": "978fa30c-73f7-4d61-869a-2a210d19877c",
          "title": "Can open the Test Cases Page",
          "fullFile": "",
          "file": "",
          "beforeHooks": [],
          "afterHooks": [],
          "tests": [
            {
              "title": "Verify Test Cases Page",
              "fullTitle": "Can open the Test Cases Page Verify Test Cases Page",
              "timedOut": null,
              "duration": 1704,
              "state": "passed",
              "speed": "fast",
              "pass": true,
              "fail": false,
              "pending": false,
              "context": null,
              "code": "cy.visit('https://automationexercise.com/');\ncy.get('.logo').should('be.visible');\ncy.get('.nav.navbar-nav').should('be.visible');\ncy.get('a').contains('Test Cases').click();\ncy.url().should('contain', '/test_cases');",
              "err": {},
              "uuid": "a0c03225-8233-4d17-b046-66d7f090e4e6",
              "parentUUID": "978fa30c-73f7-4d61-869a-2a210d19877c",
              "isHook": false,
              "skipped": false
            }
          ],
          "suites": [],
          "passes": [
            "a0c03225-8233-4d17-b046-66d7f090e4e6"
          ],
          "failures": [],
          "pending": [],
          "skipped": [],
          "duration": 1704,
          "root": false,
          "rootEmpty": false,
          "_timeout": 2000
        }
      ],
      "passes": [],
      "failures": [],
      "pending": [],
      "skipped": [],
      "duration": 0,
      "root": true,
      "rootEmpty": true,
      "_timeout": 2000
    }
  ],
  "meta": {
    "mocha": {
      "version": "7.0.1"
    },
    "mochawesome": {
      "options": {
        "quiet": false,
        "reportFilename": "mochawesome",
        "saveHtml": true,
        "saveJson": true,
        "consoleReporter": "spec",
        "useInlineDiffs": false,
        "code": true
      },
      "version": "7.1.3"
    },
    "marge": {
      "options": {
        "reportDir": "cypress/results/.jsons",
        "overwrite": true,
        "html": true,
        "json": true,
        "timestamp": "yyyy-mm-dd HH:MM:ss"
      },
      "version": "6.2.0"
    }
  }
}