{
  "stats": {
    "suites": 1,
    "tests": 1,
    "passes": 1,
    "pending": 0,
    "failures": 0,
    "start": "2024-11-18T08:55:48.934Z",
    "end": "2024-11-18T08:55:54.581Z",
    "duration": 5647,
    "testsRegistered": 1,
    "passPercent": 100,
    "pendingPercent": 0,
    "other": 0,
    "hasOther": false,
    "skipped": 0,
    "hasSkipped": false
  },
  "results": [
    {
      "uuid": "fcdeee58-39c7-4e54-a292-16eeaaef78fa",
      "title": "",
      "fullFile": "cypress/e2e/SearchProduct.cy.js",
      "file": "cypress/e2e/SearchProduct.cy.js",
      "beforeHooks": [],
      "afterHooks": [],
      "tests": [],
      "suites": [
        {
          "uuid": "ff3114da-88c0-4096-b64f-03d485c059be",
          "title": "Search product in the input",
          "fullFile": "",
          "file": "",
          "beforeHooks": [],
          "afterHooks": [],
          "tests": [
            {
              "title": "Search Product",
              "fullTitle": "Search product in the input Search Product",
              "timedOut": null,
              "duration": 4184,
              "state": "passed",
              "speed": "fast",
              "pass": true,
              "fail": false,
              "pending": false,
              "context": null,
              "code": "const searchQuery = 'blue';\ncy.visit('https://automationexercise.com/');\ncy.get('.logo').should('be.visible');\ncy.get('.nav.navbar-nav').should('be.visible');\ncy.get('a').contains('Products').click();\ncy.url().should('contain', '/products');\ncy.get('.title').contains('All Products');\ncy.get('.features_items').should('be.visible');\ncy.get('#search_product').type(searchQuery);\ncy.get('#submit_search').click();\ncy.wait(500);\ncy.get('h2.title').should('be.visible').should('contain', 'Searched Products');\ncy.get('.features_items .product-image-wrapper').should('have.length.greaterThan', 0);",
              "err": {},
              "uuid": "798c96c4-2e8f-48c7-9bed-885cd5e7f60a",
              "parentUUID": "ff3114da-88c0-4096-b64f-03d485c059be",
              "isHook": false,
              "skipped": false
            }
          ],
          "suites": [],
          "passes": [
            "798c96c4-2e8f-48c7-9bed-885cd5e7f60a"
          ],
          "failures": [],
          "pending": [],
          "skipped": [],
          "duration": 4184,
          "root": false,
          "rootEmpty": false,
          "_timeout": 2000
        }
      ],
      "passes": [],
      "failures": [],
      "pending": [],
      "skipped": [],
      "duration": 0,
      "root": true,
      "rootEmpty": true,
      "_timeout": 2000
    }
  ],
  "meta": {
    "mocha": {
      "version": "7.0.1"
    },
    "mochawesome": {
      "options": {
        "quiet": false,
        "reportFilename": "mochawesome",
        "saveHtml": true,
        "saveJson": true,
        "consoleReporter": "spec",
        "useInlineDiffs": false,
        "code": true
      },
      "version": "7.1.3"
    },
    "marge": {
      "options": {
        "reportDir": "cypress/results/.jsons",
        "overwrite": true,
        "html": true,
        "json": true,
        "timestamp": "yyyy-mm-dd HH:MM:ss"
      },
      "version": "6.2.0"
    }
  }
}