{
  "stats": {
    "suites": 1,
    "tests": 1,
    "passes": 1,
    "pending": 0,
    "failures": 0,
    "start": "2024-11-18T08:52:43.836Z",
    "end": "2024-11-18T08:52:54.701Z",
    "duration": 10865,
    "testsRegistered": 1,
    "passPercent": 100,
    "pendingPercent": 0,
    "other": 0,
    "hasOther": false,
    "skipped": 0,
    "hasSkipped": false
  },
  "results": [
    {
      "uuid": "e3e2678c-6d45-4741-84a1-3404d3a4dc85",
      "title": "",
      "fullFile": "cypress/e2e/AddReviewOnProduct.cy.js",
      "file": "cypress/e2e/AddReviewOnProduct.cy.js",
      "beforeHooks": [],
      "afterHooks": [],
      "tests": [],
      "suites": [
        {
          "uuid": "acc106f9-b25e-4d4f-ad23-2db156331742",
          "title": "Rewiev on a product",
          "fullFile": "",
          "file": "",
          "beforeHooks": [],
          "afterHooks": [],
          "tests": [
            {
              "title": "Add review on product",
              "fullTitle": "Rewiev on a product Add review on product",
              "timedOut": null,
              "duration": 9092,
              "state": "passed",
              "speed": "medium",
              "pass": true,
              "fail": false,
              "pending": false,
              "context": null,
              "code": "cy.visit('https://automationexercise.com/');\ncy.get('a').contains('Product').click();\ncy.get('.title').should('have.text', 'All Products');\ncy.get('.product-image-wrapper').eq(3).find('li > a').should('contain', 'View Product').click();\ncy.get('li.active').should('be.visible').should('have.text', 'Write Your Review');\ncy.fixture('userData.json').as('userData');\ncy.get(\"@userData\").then(user => {\n  cy.get('#name').type(user.username);\n  cy.get('#email').type(user.email);\n  cy.get('#review').type(\"it's a nice dress!!\");\n  cy.get('#button-review').click();\n  cy.contains('Thank you for your review.').should('be.visible');\n});",
              "err": {},
              "uuid": "5290e0c4-667a-44e3-afd7-f87d092fd628",
              "parentUUID": "acc106f9-b25e-4d4f-ad23-2db156331742",
              "isHook": false,
              "skipped": false
            }
          ],
          "suites": [],
          "passes": [
            "5290e0c4-667a-44e3-afd7-f87d092fd628"
          ],
          "failures": [],
          "pending": [],
          "skipped": [],
          "duration": 9092,
          "root": false,
          "rootEmpty": false,
          "_timeout": 2000
        }
      ],
      "passes": [],
      "failures": [],
      "pending": [],
      "skipped": [],
      "duration": 0,
      "root": true,
      "rootEmpty": true,
      "_timeout": 2000
    }
  ],
  "meta": {
    "mocha": {
      "version": "7.0.1"
    },
    "mochawesome": {
      "options": {
        "quiet": false,
        "reportFilename": "mochawesome",
        "saveHtml": true,
        "saveJson": true,
        "consoleReporter": "spec",
        "useInlineDiffs": false,
        "code": true
      },
      "version": "7.1.3"
    },
    "marge": {
      "options": {
        "reportDir": "cypress/results/.jsons",
        "overwrite": true,
        "html": true,
        "json": true,
        "timestamp": "yyyy-mm-dd HH:MM:ss"
      },
      "version": "6.2.0"
    }
  }
}