{
  "stats": {
    "suites": 1,
    "tests": 1,
    "passes": 1,
    "pending": 0,
    "failures": 0,
    "start": "2024-11-18T08:55:55.934Z",
    "end": "2024-11-18T08:56:01.948Z",
    "duration": 6014,
    "testsRegistered": 1,
    "passPercent": 100,
    "pendingPercent": 0,
    "other": 0,
    "hasOther": false,
    "skipped": 0,
    "hasSkipped": false
  },
  "results": [
    {
      "uuid": "e110bc88-054c-44e3-a987-b42dce9b4570",
      "title": "",
      "fullFile": "cypress/e2e/SearchProductsAndVerifyCartAfterLogin.cy.js",
      "file": "cypress/e2e/SearchProductsAndVerifyCartAfterLogin.cy.js",
      "beforeHooks": [],
      "afterHooks": [],
      "tests": [],
      "suites": [
        {
          "uuid": "70bf24c4-32e4-45e5-a4d0-d772495073d3",
          "title": "Search Products and Cart After Login",
          "fullFile": "",
          "file": "",
          "beforeHooks": [],
          "afterHooks": [],
          "tests": [
            {
              "title": "Search Products and Verify Cart After Login",
              "fullTitle": "Search Products and Cart After Login Search Products and Verify Cart After Login",
              "timedOut": null,
              "duration": 4607,
              "state": "passed",
              "speed": "fast",
              "pass": true,
              "fail": false,
              "pending": false,
              "context": null,
              "code": "const searchQuery = 'blue';\ncy.visit('https://automationexercise.com/');\ncy.get('a').contains('Product').click();\ncy.get('.title').should('have.text', 'All Products');\ncy.get('#search_product').type(searchQuery);\ncy.get('#submit_search').click();\ncy.wait(500);\ncy.get('h2.title').should('be.visible').should('contain', 'Searched Products');\ncy.get('.features_items .product-image-wrapper').should('have.length.greaterThan', 0);\ncy.get('.single-products').eq(1).trigger('mouseover');\ncy.get('a.btn.btn-default.add-to-cart').first().should('be.visible').click();\ncy.get('button.btn.btn-success.close-modal.btn-block').click();\ncy.get('.single-products').eq(3).trigger('mouseover').find('a.btn.btn-default.add-to-cart').first().should('be.visible').click();\ncy.get('a').contains('View Cart').click({\n  force: true\n});\ncy.get('#cart_info_table').within(() => {\n  cy.get('td.cart_price p').eq(0).should('have.text', 'Rs. 500');\n  cy.get('td.cart_quantity button').eq(0).should('have.text', '1');\n  cy.get('td.cart_total p.cart_total_price').eq(0).should('have.text', 'Rs. 500');\n  cy.get('td.cart_price p').eq(1).should('have.text', 'Rs. 849');\n  cy.get('td.cart_quantity button').eq(1).should('have.text', '1');\n  cy.get('td.cart_total p.cart_total_price').eq(1).should('have.text', 'Rs. 849');\n});",
              "err": {},
              "uuid": "11fb4c22-a4f0-4fe7-97ee-74ceb663db5a",
              "parentUUID": "70bf24c4-32e4-45e5-a4d0-d772495073d3",
              "isHook": false,
              "skipped": false
            }
          ],
          "suites": [],
          "passes": [
            "11fb4c22-a4f0-4fe7-97ee-74ceb663db5a"
          ],
          "failures": [],
          "pending": [],
          "skipped": [],
          "duration": 4607,
          "root": false,
          "rootEmpty": false,
          "_timeout": 2000
        }
      ],
      "passes": [],
      "failures": [],
      "pending": [],
      "skipped": [],
      "duration": 0,
      "root": true,
      "rootEmpty": true,
      "_timeout": 2000
    }
  ],
  "meta": {
    "mocha": {
      "version": "7.0.1"
    },
    "mochawesome": {
      "options": {
        "quiet": false,
        "reportFilename": "mochawesome",
        "saveHtml": true,
        "saveJson": true,
        "consoleReporter": "spec",
        "useInlineDiffs": false,
        "code": true
      },
      "version": "7.1.3"
    },
    "marge": {
      "options": {
        "reportDir": "cypress/results/.jsons",
        "overwrite": true,
        "html": true,
        "json": true,
        "timestamp": "yyyy-mm-dd HH:MM:ss"
      },
      "version": "6.2.0"
    }
  }
}