{
  "stats": {
    "suites": 1,
    "tests": 1,
    "passes": 1,
    "pending": 0,
    "failures": 0,
    "start": "2024-11-18T08:55:04.411Z",
    "end": "2024-11-18T08:55:41.940Z",
    "duration": 37529,
    "testsRegistered": 1,
    "passPercent": 100,
    "pendingPercent": 0,
    "other": 0,
    "hasOther": false,
    "skipped": 0,
    "hasSkipped": false
  },
  "results": [
    {
      "uuid": "44672c0f-17f4-4395-b110-6638b70ad98d",
      "title": "",
      "fullFile": "cypress/e2e/RegisterWhileCheckout.cy.js",
      "file": "cypress/e2e/RegisterWhileCheckout.cy.js",
      "beforeHooks": [],
      "afterHooks": [],
      "tests": [],
      "suites": [
        {
          "uuid": "45e4a826-8eee-486f-a2bc-8ab57d5928ce",
          "title": "Register while Checkout",
          "fullFile": "",
          "file": "",
          "beforeHooks": [],
          "afterHooks": [],
          "tests": [
            {
              "title": "Place Order: Register while Checkout",
              "fullTitle": "Register while Checkout Place Order: Register while Checkout",
              "timedOut": null,
              "duration": 35922,
              "state": "passed",
              "speed": "slow",
              "pass": true,
              "fail": false,
              "pending": false,
              "context": null,
              "code": "const baseEmail = 'testuser1@example.com';\nconst username = 'Test User';\ncy.visit('https://automationexercise.com/');\ncy.get('.logo').should('be.visible');\ncy.get('.nav.navbar-nav').should('be.visible');\ncy.get('.single-products').first().trigger('mouseover');\ncy.get('a.btn.btn-default.add-to-cart').first().should('be.visible').click();\ncy.get('button').contains('Continue Shopping').click();\ncy.get('#header').scrollIntoView();\ncy.get('a').contains('Cart').click({\n  force: true\n});\ncy.get('.active').should('be.visible').contains('Shopping Cart');\ncy.get('a').contains('Proceed To Checkout').click();\ncy.get('a').contains('Register / Login').click();\ncy.get('.signup-form > h2').should('be.visible');\ncy.get('[data-qa=\"signup-name\"]').type(username);\ncy.get('[data-qa=\"signup-email\"]').type(baseEmail, {\n  delay: 200\n});\ncy.get('[data-qa=\"signup-button\"]').click();\ncy.get('.signup-form > form > p').should('contain', 'Email Address already exist!');\nconst timestamp = new Date().getTime(); // Генерация уникального email\nconst newEmail = `testuser${timestamp}@example.com`;\ncy.get('[data-qa=\"signup-email\"]').clear().type(newEmail, {\n  delay: 200\n});\ncy.get('[data-qa=\"signup-button\"]').click();\ncy.get('h2.title.text-center').should('be.visible');\ncy.get('#id_gender1').check();\ncy.get('[data-qa=\"password\"]').type('test123');\ncy.get('[data-qa=\"days\"]').select(25);\ncy.get('[data-qa=\"months\"]').select('June');\ncy.get('[data-qa=\"years\"]').select('1994');\ncy.get('#newsletter').check();\ncy.get('#newsletter').check();\ncy.get('[data-qa=\"first_name\"]').type('Andy');\ncy.get('[data-qa=\"last_name\"]').type('Larkin');\ncy.get('[data-qa=\"company\"]').type('Google');\ncy.get('[data-qa=\"address\"]').type('New-York, New-York-beach, 10');\ncy.get('[data-qa=\"address2\"]').type('Los Angeles, Kuricin 12/34-3');\ncy.get('[data-qa=\"country\"]').select('Canada');\ncy.get('[data-qa=\"state\"]').type('USA region');\ncy.get('[data-qa=\"city\"]').type('New-York');\ncy.get('[data-qa=\"zipcode\"]').type('1234567');\ncy.get('[data-qa=\"mobile_number\"]').type('+09182345123');\ncy.get('[data-qa=\"create-account\"]').click();\ncy.get('[data-qa=\"account-created\"]').should('be.visible');\ncy.get('[data-qa=\"continue-button\"]').click();\ncy.get(':nth-child(10) > a').should('be.visible').should('contain', `Logged in as ${username}`);\ncy.get('a').contains('Cart').click({\n  force: true\n});\ncy.get('a').contains('Proceed To Checkout').click();\ncy.get('#address_delivery > .address_firstname').should('have.text', 'Mr. Andy Larkin');\ncy.get('#address_delivery > :nth-child(4)').should('have.text', 'New-York, New-York-beach, 10');\ncy.get('#address_invoice > .address_firstname').should('have.text', 'Mr. Andy Larkin');\ncy.get('#address_invoice > .address_city').should('contain', '234567');\ncy.get('.form-control').type('Test payment');\ncy.get('a').contains('Place Order').click();\ncy.get('[data-qa=\"name-on-card\"]').type('Andy Larkin');\ncy.get('[data-qa=\"card-number\"]').type('2345-5555-5555-1111');\ncy.get('[data-qa=\"cvc\"]').type('000');\ncy.get('[data-qa=\"expiry-month\"]').type('25');\ncy.get('[data-qa=\"expiry-year\"]').type('1888');\ncy.get('[data-qa=\"pay-button\"]').click();\ncy.get('.col-sm-9 > p').should('be.visible').should('have.text', 'Congratulations! Your order has been confirmed!');\ncy.get('a').contains('Delete Account').click();\ncy.contains('Account Deleted!').should('be.visible');\ncy.contains('Continue').click();",
              "err": {},
              "uuid": "93b5e762-2c6a-45b1-a999-5ba43c2de216",
              "parentUUID": "45e4a826-8eee-486f-a2bc-8ab57d5928ce",
              "isHook": false,
              "skipped": false
            }
          ],
          "suites": [],
          "passes": [
            "93b5e762-2c6a-45b1-a999-5ba43c2de216"
          ],
          "failures": [],
          "pending": [],
          "skipped": [],
          "duration": 35922,
          "root": false,
          "rootEmpty": false,
          "_timeout": 2000
        }
      ],
      "passes": [],
      "failures": [],
      "pending": [],
      "skipped": [],
      "duration": 0,
      "root": true,
      "rootEmpty": true,
      "_timeout": 2000
    }
  ],
  "meta": {
    "mocha": {
      "version": "7.0.1"
    },
    "mochawesome": {
      "options": {
        "quiet": false,
        "reportFilename": "mochawesome",
        "saveHtml": true,
        "saveJson": true,
        "consoleReporter": "spec",
        "useInlineDiffs": false,
        "code": true
      },
      "version": "7.1.3"
    },
    "marge": {
      "options": {
        "reportDir": "cypress/results/.jsons",
        "overwrite": true,
        "html": true,
        "json": true,
        "timestamp": "yyyy-mm-dd HH:MM:ss"
      },
      "version": "6.2.0"
    }
  }
}