{
  "stats": {
    "suites": 1,
    "tests": 1,
    "passes": 1,
    "pending": 0,
    "failures": 0,
    "start": "2024-11-18T08:54:22.917Z",
    "end": "2024-11-18T08:54:28.848Z",
    "duration": 5931,
    "testsRegistered": 1,
    "passPercent": 100,
    "pendingPercent": 0,
    "other": 0,
    "hasOther": false,
    "skipped": 0,
    "hasSkipped": false
  },
  "results": [
    {
      "uuid": "99ce3ac1-b259-4979-8654-33ece50ba137",
      "title": "",
      "fullFile": "cypress/e2e/LoginWithIncorrectData.cy.js",
      "file": "cypress/e2e/LoginWithIncorrectData.cy.js",
      "beforeHooks": [],
      "afterHooks": [],
      "tests": [],
      "suites": [
        {
          "uuid": "a76d4c20-465e-4094-8074-6c8380c25767",
          "title": "user can't login into the website",
          "fullFile": "",
          "file": "",
          "beforeHooks": [],
          "afterHooks": [],
          "tests": [
            {
              "title": "login with incorrect email and password",
              "fullTitle": "user can't login into the website login with incorrect email and password",
              "timedOut": null,
              "duration": 4249,
              "state": "passed",
              "speed": "fast",
              "pass": true,
              "fail": false,
              "pending": false,
              "context": null,
              "code": "const userEmail = 'testuser1731315476086@example.com';\ncy.visit('https://automationexercise.com/');\ncy.get('.logo').should('be.visible');\ncy.get('.nav.navbar-nav').should('be.visible');\ncy.get('a').contains('Signup / Login').click();\ncy.get('.login-form > h2').should('be.visible').should('contain', 'Login to your account');\ncy.get('[data-qa=\"login-email\"]').type(userEmail);\ncy.get('[data-qa=\"login-password\"]').type('test12323dd');\ncy.get('[data-qa=\"login-button\"]').click();\ncy.contains('Your email or password is incorrect!').should('be.visible');",
              "err": {},
              "uuid": "3d11c6ea-5f62-4f1f-b4dd-be4b56bf7e37",
              "parentUUID": "a76d4c20-465e-4094-8074-6c8380c25767",
              "isHook": false,
              "skipped": false
            }
          ],
          "suites": [],
          "passes": [
            "3d11c6ea-5f62-4f1f-b4dd-be4b56bf7e37"
          ],
          "failures": [],
          "pending": [],
          "skipped": [],
          "duration": 4249,
          "root": false,
          "rootEmpty": false,
          "_timeout": 2000
        }
      ],
      "passes": [],
      "failures": [],
      "pending": [],
      "skipped": [],
      "duration": 0,
      "root": true,
      "rootEmpty": true,
      "_timeout": 2000
    }
  ],
  "meta": {
    "mocha": {
      "version": "7.0.1"
    },
    "mochawesome": {
      "options": {
        "quiet": false,
        "reportFilename": "mochawesome",
        "saveHtml": true,
        "saveJson": true,
        "consoleReporter": "spec",
        "useInlineDiffs": false,
        "code": true
      },
      "version": "7.1.3"
    },
    "marge": {
      "options": {
        "reportDir": "cypress/results/.jsons",
        "overwrite": true,
        "html": true,
        "json": true,
        "timestamp": "yyyy-mm-dd HH:MM:ss"
      },
      "version": "6.2.0"
    }
  }
}