{
  "stats": {
    "suites": 1,
    "tests": 1,
    "passes": 1,
    "pending": 0,
    "failures": 0,
    "start": "2024-11-18T08:52:32.498Z",
    "end": "2024-11-18T08:52:41.872Z",
    "duration": 9374,
    "testsRegistered": 1,
    "passPercent": 100,
    "pendingPercent": 0,
    "other": 0,
    "hasOther": false,
    "skipped": 0,
    "hasSkipped": false
  },
  "results": [
    {
      "uuid": "83c5c750-11d5-4d02-b2f7-78ab44a9340b",
      "title": "",
      "fullFile": "cypress/e2e/AddProductInCart.cy.js",
      "file": "cypress/e2e/AddProductInCart.cy.js",
      "beforeHooks": [],
      "afterHooks": [],
      "tests": [],
      "suites": [
        {
          "uuid": "238c54dc-f314-43ed-9202-9bad169f3170",
          "title": "Add products",
          "fullFile": "",
          "file": "",
          "beforeHooks": [],
          "afterHooks": [],
          "tests": [
            {
              "title": "Add Products in Cart",
              "fullTitle": "Add products Add Products in Cart",
              "timedOut": null,
              "duration": 7130,
              "state": "passed",
              "speed": "medium",
              "pass": true,
              "fail": false,
              "pending": false,
              "context": null,
              "code": "cy.visit('https://automationexercise.com/');\ncy.get('.logo').should('be.visible');\ncy.get('.nav.navbar-nav').should('be.visible');\ncy.get('a').contains('Product').click();\ncy.get('.single-products').first().trigger('mouseover');\ncy.get('a.btn.btn-default.add-to-cart').first().should('be.visible').click();\ncy.get('button.btn.btn-success.close-modal.btn-block').click();\ncy.get('.single-products').first().trigger('mouseover');\ncy.wait(2000);\ncy.get('a.btn.btn-default.add-to-cart').first().should('be.visible').click();\ncy.get('a').contains('View Cart').click();\ncy.get('#cart_info_table').within(() => {\n  cy.get('td.cart_price p').should('have.text', 'Rs. 500');\n  cy.get('td.cart_quantity button').should('have.text', '2');\n  cy.get('td.cart_total p.cart_total_price').should('have.text', 'Rs. 1000');\n});",
              "err": {},
              "uuid": "ff905011-7894-4a68-87e0-2af1e08ed2f2",
              "parentUUID": "238c54dc-f314-43ed-9202-9bad169f3170",
              "isHook": false,
              "skipped": false
            }
          ],
          "suites": [],
          "passes": [
            "ff905011-7894-4a68-87e0-2af1e08ed2f2"
          ],
          "failures": [],
          "pending": [],
          "skipped": [],
          "duration": 7130,
          "root": false,
          "rootEmpty": false,
          "_timeout": 2000
        }
      ],
      "passes": [],
      "failures": [],
      "pending": [],
      "skipped": [],
      "duration": 0,
      "root": true,
      "rootEmpty": true,
      "_timeout": 2000
    }
  ],
  "meta": {
    "mocha": {
      "version": "7.0.1"
    },
    "mochawesome": {
      "options": {
        "quiet": false,
        "reportFilename": "mochawesome",
        "saveHtml": true,
        "saveJson": true,
        "consoleReporter": "spec",
        "useInlineDiffs": false,
        "code": true
      },
      "version": "7.1.3"
    },
    "marge": {
      "options": {
        "reportDir": "cypress/results/.jsons",
        "overwrite": true,
        "html": true,
        "json": true,
        "timestamp": "yyyy-mm-dd HH:MM:ss"
      },
      "version": "6.2.0"
    }
  }
}