{
  "stats": {
    "suites": 1,
    "tests": 1,
    "passes": 1,
    "pending": 0,
    "failures": 0,
    "start": "2024-11-18T08:54:15.137Z",
    "end": "2024-11-18T08:54:21.211Z",
    "duration": 6074,
    "testsRegistered": 1,
    "passPercent": 100,
    "pendingPercent": 0,
    "other": 0,
    "hasOther": false,
    "skipped": 0,
    "hasSkipped": false
  },
  "results": [
    {
      "uuid": "c44a8994-2e1a-45aa-84fb-19adf21698d9",
      "title": "",
      "fullFile": "cypress/e2e/LoginWithCorrectData.cy.js",
      "file": "cypress/e2e/LoginWithCorrectData.cy.js",
      "beforeHooks": [],
      "afterHooks": [],
      "tests": [],
      "suites": [
        {
          "uuid": "08d7c771-e738-45f0-a61b-e4ef6b99d49f",
          "title": "user can login into the website",
          "fullFile": "",
          "file": "",
          "beforeHooks": [],
          "afterHooks": [],
          "tests": [
            {
              "title": "login with correct email and password",
              "fullTitle": "user can login into the website login with correct email and password",
              "timedOut": null,
              "duration": 4554,
              "state": "passed",
              "speed": "fast",
              "pass": true,
              "fail": false,
              "pending": false,
              "context": null,
              "code": "cy.visit('https://automationexercise.com/');\ncy.get('.logo').should('be.visible');\ncy.get('.nav.navbar-nav').should('be.visible');\ncy.get('a').contains('Signup / Login').click();\ncy.get('.login-form > h2').should('be.visible').should('contain', 'Login to your account');\ncy.fixture('userData.json').as('userData');\ncy.get('@userData').then(user => {\n  cy.get('[data-qa=\"login-email\"]').type(user.email);\n  cy.get('[data-qa=\"login-password\"]').type(user.password);\n  cy.get('[data-qa=\"login-button\"]').click();\n  cy.contains('Logged in as').should('be.visible');\n});",
              "err": {},
              "uuid": "3cf6451d-519c-4121-a513-0fc5f394c581",
              "parentUUID": "08d7c771-e738-45f0-a61b-e4ef6b99d49f",
              "isHook": false,
              "skipped": false
            }
          ],
          "suites": [],
          "passes": [
            "3cf6451d-519c-4121-a513-0fc5f394c581"
          ],
          "failures": [],
          "pending": [],
          "skipped": [],
          "duration": 4554,
          "root": false,
          "rootEmpty": false,
          "_timeout": 2000
        }
      ],
      "passes": [],
      "failures": [],
      "pending": [],
      "skipped": [],
      "duration": 0,
      "root": true,
      "rootEmpty": true,
      "_timeout": 2000
    }
  ],
  "meta": {
    "mocha": {
      "version": "7.0.1"
    },
    "mochawesome": {
      "options": {
        "quiet": false,
        "reportFilename": "mochawesome",
        "saveHtml": true,
        "saveJson": true,
        "consoleReporter": "spec",
        "useInlineDiffs": false,
        "code": true
      },
      "version": "7.1.3"
    },
    "marge": {
      "options": {
        "reportDir": "cypress/results/.jsons",
        "overwrite": true,
        "html": true,
        "json": true,
        "timestamp": "yyyy-mm-dd HH:MM:ss"
      },
      "version": "6.2.0"
    }
  }
}