{
  "stats": {
    "suites": 1,
    "tests": 1,
    "passes": 1,
    "pending": 0,
    "failures": 0,
    "start": "2024-11-18T08:56:57.388Z",
    "end": "2024-11-18T08:57:01.531Z",
    "duration": 4143,
    "testsRegistered": 1,
    "passPercent": 100,
    "pendingPercent": 0,
    "other": 0,
    "hasOther": false,
    "skipped": 0,
    "hasSkipped": false
  },
  "results": [
    {
      "uuid": "9e92aeaf-7763-4361-a8e0-2cb827546875",
      "title": "",
      "fullFile": "cypress/e2e/VerifyProductQuontityInCart.cy.js",
      "file": "cypress/e2e/VerifyProductQuontityInCart.cy.js",
      "beforeHooks": [],
      "afterHooks": [],
      "tests": [],
      "suites": [
        {
          "uuid": "5a1198fa-9b69-4717-850c-9a08d9d3548d",
          "title": "Verify Product quantity",
          "fullFile": "",
          "file": "",
          "beforeHooks": [],
          "afterHooks": [],
          "tests": [
            {
              "title": "Verify Product quantity in Cart",
              "fullTitle": "Verify Product quantity Verify Product quantity in Cart",
              "timedOut": null,
              "duration": 2614,
              "state": "passed",
              "speed": "fast",
              "pass": true,
              "fail": false,
              "pending": false,
              "context": null,
              "code": "cy.visit('https://automationexercise.com/');\ncy.get('.logo').should('be.visible');\ncy.get('.nav.navbar-nav').should('be.visible');\ncy.get(':nth-child(5) > .product-image-wrapper > .choose > .nav > li > a').click();\ncy.get('.product-information > h2').should('have.text', 'Sleeveless Dress');\ncy.url().should('contain', '/product_details/3');\ncy.get('#quantity').clear().type(4);\ncy.get('button.btn.btn-default.cart').click();\ncy.get('.modal-content').should('be.visible');\ncy.get('a').contains('View Cart').click();\ncy.get('#cart_info_table').within(() => {\n  cy.get('td.cart_quantity button').should('have.text', '4');\n});",
              "err": {},
              "uuid": "b3bd08f4-f108-4a9f-8e5f-c7a1e6569c9b",
              "parentUUID": "5a1198fa-9b69-4717-850c-9a08d9d3548d",
              "isHook": false,
              "skipped": false
            }
          ],
          "suites": [],
          "passes": [
            "b3bd08f4-f108-4a9f-8e5f-c7a1e6569c9b"
          ],
          "failures": [],
          "pending": [],
          "skipped": [],
          "duration": 2614,
          "root": false,
          "rootEmpty": false,
          "_timeout": 2000
        }
      ],
      "passes": [],
      "failures": [],
      "pending": [],
      "skipped": [],
      "duration": 0,
      "root": true,
      "rootEmpty": true,
      "_timeout": 2000
    }
  ],
  "meta": {
    "mocha": {
      "version": "7.0.1"
    },
    "mochawesome": {
      "options": {
        "quiet": false,
        "reportFilename": "mochawesome",
        "saveHtml": true,
        "saveJson": true,
        "consoleReporter": "spec",
        "useInlineDiffs": false,
        "code": true
      },
      "version": "7.1.3"
    },
    "marge": {
      "options": {
        "reportDir": "cypress/results/.jsons",
        "overwrite": true,
        "html": true,
        "json": true,
        "timestamp": "yyyy-mm-dd HH:MM:ss"
      },
      "version": "6.2.0"
    }
  }
}