{
  "stats": {
    "suites": 1,
    "tests": 1,
    "passes": 1,
    "pending": 0,
    "failures": 0,
    "start": "2024-11-18T08:53:22.375Z",
    "end": "2024-11-18T08:53:58.729Z",
    "duration": 36354,
    "testsRegistered": 1,
    "passPercent": 100,
    "pendingPercent": 0,
    "other": 0,
    "hasOther": false,
    "skipped": 0,
    "hasSkipped": false
  },
  "results": [
    {
      "uuid": "f390b424-8992-4d7e-8f95-6bca8772b6e3",
      "title": "",
      "fullFile": "cypress/e2e/DownloadInvoiceAfterPurchaseOrder.cy.js",
      "file": "cypress/e2e/DownloadInvoiceAfterPurchaseOrder.cy.js",
      "beforeHooks": [],
      "afterHooks": [],
      "tests": [],
      "suites": [
        {
          "uuid": "021dbcbc-00cc-4c08-989a-f91e20d5f6cf",
          "title": "Download Invoice after purchase order",
          "fullFile": "",
          "file": "",
          "beforeHooks": [],
          "afterHooks": [],
          "tests": [
            {
              "title": "Download Invoice after purchase order",
              "fullTitle": "Download Invoice after purchase order Download Invoice after purchase order",
              "timedOut": null,
              "duration": 34682,
              "state": "passed",
              "speed": "slow",
              "pass": true,
              "fail": false,
              "pending": false,
              "context": null,
              "code": "const baseEmail = 'testuser1@example.com';\nconst username = 'Test User';\ncy.visit('https://automationexercise.com/');\ncy.get('.logo').should('be.visible');\ncy.get('.nav.navbar-nav').should('be.visible');\ncy.get('a').contains('Signup / Login').click();\ncy.get('.login-form > h2').should('be.visible').should('contain', 'Login to your account');\ncy.get('.signup-form > h2').should('be.visible');\ncy.get('[data-qa=\"signup-name\"]').type(username);\ncy.get('[data-qa=\"signup-email\"]').type(baseEmail, {\n  delay: 200\n});\ncy.get('[data-qa=\"signup-button\"]').click();\ncy.get('.signup-form > form > p').should('contain', 'Email Address already exist!');\nconst timestamp = new Date().getTime(); // Генерация уникального email\nconst newEmail = `testuser${timestamp}@example.com`;\ncy.get('[data-qa=\"signup-email\"]').clear().type(newEmail, {\n  delay: 200\n});\ncy.get('[data-qa=\"signup-button\"]').click();\ncy.get('h2.title.text-center').should('be.visible');\ncy.get('#id_gender1').check();\ncy.get('[data-qa=\"password\"]').type('test123');\ncy.get('[data-qa=\"days\"]').select(25);\ncy.get('[data-qa=\"months\"]').select('June');\ncy.get('[data-qa=\"years\"]').select('1994');\ncy.get('#newsletter').check();\ncy.get('#newsletter').check();\ncy.get('[data-qa=\"first_name\"]').type('Andy');\ncy.get('[data-qa=\"last_name\"]').type('Larkin');\ncy.get('[data-qa=\"company\"]').type('OZON');\ncy.get('[data-qa=\"address\"]').type('New-York, New-York-beach, 10');\ncy.get('[data-qa=\"address2\"]').type('Saint-Peterburg, Newskogo 12/2');\ncy.get('[data-qa=\"country\"]').select('Canada');\ncy.get('[data-qa=\"state\"]').type('Moscow region');\ncy.get('[data-qa=\"city\"]').type('Moscow');\ncy.get('[data-qa=\"zipcode\"]').type('234567');\ncy.get('[data-qa=\"mobile_number\"]').type('+9182345123');\ncy.get('[data-qa=\"create-account\"]').click();\ncy.get('[data-qa=\"account-created\"]').should('be.visible');\ncy.get('[data-qa=\"continue-button\"]').click();\ncy.get('.single-products').first().trigger('mouseover');\ncy.get('a.btn.btn-default.add-to-cart').first().should('be.visible').click();\ncy.get('a').contains('View Cart').click();\ncy.get('#cart_info_table').within(() => {\n  cy.get('td.cart_price p').should('have.text', 'Rs. 500');\n  cy.get('td.cart_quantity button').should('have.text', '1');\n  cy.get('td.cart_total p.cart_total_price').should('have.text', 'Rs. 500');\n});\ncy.get('a').contains('Proceed To Checkout').click();\ncy.get('#address_delivery > .address_firstname').should('have.text', 'Mr. Andy Larkin');\ncy.get('#address_delivery > :nth-child(4)').should('have.text', 'New-York, New-York-beach, 10');\ncy.get('#address_invoice > .address_firstname').should('have.text', 'Mr. Andy Larkin');\ncy.get('#address_invoice > .address_city').should('contain', '234567');\ncy.get('.form-control').type('Test payment');\ncy.get('a').contains('Place Order').click();\ncy.get('[data-qa=\"name-on-card\"]').type('Andy Larkin');\ncy.get('[data-qa=\"card-number\"]').type('2345-5555-5555-1111');\ncy.get('[data-qa=\"cvc\"]').type('000');\ncy.get('[data-qa=\"expiry-month\"]').type('25');\ncy.get('[data-qa=\"expiry-year\"]').type('1888');\ncy.get('[data-qa=\"pay-button\"]').click();\ncy.get('.col-sm-9 > p').should('be.visible').should('have.text', 'Congratulations! Your order has been confirmed!');\nconst invoiceUrl = 'https://automationexercise.com/download_invoice/500';\nconst downloadFolder = 'cypress/downloads';\nconst fileName = 'invoice.txt';\ncy.task('downloadFile', {\n  url: invoiceUrl,\n  downloadFolder,\n  fileName\n});\ncy.readFile(`${downloadFolder}/${fileName}`).should('exist');",
              "err": {},
              "uuid": "c9da9bb3-2797-4b05-9afa-5c53270396a6",
              "parentUUID": "021dbcbc-00cc-4c08-989a-f91e20d5f6cf",
              "isHook": false,
              "skipped": false
            }
          ],
          "suites": [],
          "passes": [
            "c9da9bb3-2797-4b05-9afa-5c53270396a6"
          ],
          "failures": [],
          "pending": [],
          "skipped": [],
          "duration": 34682,
          "root": false,
          "rootEmpty": false,
          "_timeout": 2000
        }
      ],
      "passes": [],
      "failures": [],
      "pending": [],
      "skipped": [],
      "duration": 0,
      "root": true,
      "rootEmpty": true,
      "_timeout": 2000
    }
  ],
  "meta": {
    "mocha": {
      "version": "7.0.1"
    },
    "mochawesome": {
      "options": {
        "quiet": false,
        "reportFilename": "mochawesome",
        "saveHtml": true,
        "saveJson": true,
        "consoleReporter": "spec",
        "useInlineDiffs": false,
        "code": true
      },
      "version": "7.1.3"
    },
    "marge": {
      "options": {
        "reportDir": "cypress/results/.jsons",
        "overwrite": true,
        "html": true,
        "json": true,
        "timestamp": "yyyy-mm-dd HH:MM:ss"
      },
      "version": "6.2.0"
    }
  }
}