{
  "stats": {
    "suites": 1,
    "tests": 1,
    "passes": 1,
    "pending": 0,
    "failures": 0,
    "start": "2024-11-18T08:56:09.316Z",
    "end": "2024-11-18T08:56:13.050Z",
    "duration": 3734,
    "testsRegistered": 1,
    "passPercent": 100,
    "pendingPercent": 0,
    "other": 0,
    "hasOther": false,
    "skipped": 0,
    "hasSkipped": false
  },
  "results": [
    {
      "uuid": "ccc9046a-78a7-4308-a62b-2eb39fe5de2c",
      "title": "",
      "fullFile": "cypress/e2e/SubscribeInHomePage.cy.js",
      "file": "cypress/e2e/SubscribeInHomePage.cy.js",
      "beforeHooks": [],
      "afterHooks": [],
      "tests": [],
      "suites": [
        {
          "uuid": "4686a259-d5cf-400a-adb2-2841f7297a42",
          "title": "Subscription from the home page",
          "fullFile": "",
          "file": "",
          "beforeHooks": [],
          "afterHooks": [],
          "tests": [
            {
              "title": "Verify Subscription in home page",
              "fullTitle": "Subscription from the home page Verify Subscription in home page",
              "timedOut": null,
              "duration": 1903,
              "state": "passed",
              "speed": "fast",
              "pass": true,
              "fail": false,
              "pending": false,
              "context": null,
              "code": "cy.visit('https://automationexercise.com/');\ncy.get('.logo').should('be.visible');\ncy.get('.nav.navbar-nav').should('be.visible');\ncy.get('#footer').scrollIntoView();\ncy.get('.single-widget > h2').should('contain', 'Subscription');\ncy.get('#susbscribe_email').type('test@gmail.com');\ncy.get('#subscribe').click();\ncy.contains('You have been successfully subscribed!').should('be.visible');",
              "err": {},
              "uuid": "4c0e14a9-cbf8-4856-bfd5-2c8469f5296a",
              "parentUUID": "4686a259-d5cf-400a-adb2-2841f7297a42",
              "isHook": false,
              "skipped": false
            }
          ],
          "suites": [],
          "passes": [
            "4c0e14a9-cbf8-4856-bfd5-2c8469f5296a"
          ],
          "failures": [],
          "pending": [],
          "skipped": [],
          "duration": 1903,
          "root": false,
          "rootEmpty": false,
          "_timeout": 2000
        }
      ],
      "passes": [],
      "failures": [],
      "pending": [],
      "skipped": [],
      "duration": 0,
      "root": true,
      "rootEmpty": true,
      "_timeout": 2000
    }
  ],
  "meta": {
    "mocha": {
      "version": "7.0.1"
    },
    "mochawesome": {
      "options": {
        "quiet": false,
        "reportFilename": "mochawesome",
        "saveHtml": true,
        "saveJson": true,
        "consoleReporter": "spec",
        "useInlineDiffs": false,
        "code": true
      },
      "version": "7.1.3"
    },
    "marge": {
      "options": {
        "reportDir": "cypress/results/.jsons",
        "overwrite": true,
        "html": true,
        "json": true,
        "timestamp": "yyyy-mm-dd HH:MM:ss"
      },
      "version": "6.2.0"
    }
  }
}