{
  "stats": {
    "suites": 1,
    "tests": 1,
    "passes": 1,
    "pending": 0,
    "failures": 0,
    "start": "2024-11-18T08:57:10.983Z",
    "end": "2024-11-18T08:57:15.743Z",
    "duration": 4760,
    "testsRegistered": 1,
    "passPercent": 100,
    "pendingPercent": 0,
    "other": 0,
    "hasOther": false,
    "skipped": 0,
    "hasSkipped": false
  },
  "results": [
    {
      "uuid": "0c688526-70cb-487e-93c9-5d555aa53ba8",
      "title": "",
      "fullFile": "cypress/e2e/View&CartBrandProducts.cy.js",
      "file": "cypress/e2e/View&CartBrandProducts.cy.js",
      "beforeHooks": [],
      "afterHooks": [],
      "tests": [],
      "suites": [
        {
          "uuid": "c9318f0c-af77-48e6-a571-5df69766e3a4",
          "title": "Brand Products",
          "fullFile": "",
          "file": "",
          "beforeHooks": [],
          "afterHooks": [],
          "tests": [
            {
              "title": "View & Cart Brand Products",
              "fullTitle": "Brand Products View & Cart Brand Products",
              "timedOut": null,
              "duration": 3284,
              "state": "passed",
              "speed": "fast",
              "pass": true,
              "fail": false,
              "pending": false,
              "context": null,
              "code": "cy.visit('https://automationexercise.com/');\ncy.get('a').contains('Product').click();\ncy.get('.brands_products').should('be.visible');\ncy.get('.brands-name > .nav > :nth-child(2) > a').click();\ncy.url().should('contain', 'H&M');\ncy.get('.features_items').should('be.visible').should('have.length.greaterThan', 0);\ncy.get('.brands-name > .nav > :nth-child(8) > a').click();\ncy.url().should('contain', 'Biba');\ncy.get('.features_items').should('be.visible').should('have.length.greaterThan', 0);",
              "err": {},
              "uuid": "9a77e153-ce09-4f08-97e2-18a6ea1832a3",
              "parentUUID": "c9318f0c-af77-48e6-a571-5df69766e3a4",
              "isHook": false,
              "skipped": false
            }
          ],
          "suites": [],
          "passes": [
            "9a77e153-ce09-4f08-97e2-18a6ea1832a3"
          ],
          "failures": [],
          "pending": [],
          "skipped": [],
          "duration": 3284,
          "root": false,
          "rootEmpty": false,
          "_timeout": 2000
        }
      ],
      "passes": [],
      "failures": [],
      "pending": [],
      "skipped": [],
      "duration": 0,
      "root": true,
      "rootEmpty": true,
      "_timeout": 2000
    }
  ],
  "meta": {
    "mocha": {
      "version": "7.0.1"
    },
    "mochawesome": {
      "options": {
        "quiet": false,
        "reportFilename": "mochawesome",
        "saveHtml": true,
        "saveJson": true,
        "consoleReporter": "spec",
        "useInlineDiffs": false,
        "code": true
      },
      "version": "7.1.3"
    },
    "marge": {
      "options": {
        "reportDir": "cypress/results/.jsons",
        "overwrite": true,
        "html": true,
        "json": true,
        "timestamp": "yyyy-mm-dd HH:MM:ss"
      },
      "version": "6.2.0"
    }
  }
}