{
  "stats": {
    "suites": 1,
    "tests": 1,
    "passes": 1,
    "pending": 0,
    "failures": 0,
    "start": "2024-11-18T08:53:13.835Z",
    "end": "2024-11-18T08:53:20.836Z",
    "duration": 7001,
    "testsRegistered": 1,
    "passPercent": 100,
    "pendingPercent": 0,
    "other": 0,
    "hasOther": false,
    "skipped": 0,
    "hasSkipped": false
  },
  "results": [
    {
      "uuid": "e5ee1b45-f71a-4dde-8dca-02681da33ae2",
      "title": "",
      "fullFile": "cypress/e2e/ContactUsForm.cy.js",
      "file": "cypress/e2e/ContactUsForm.cy.js",
      "beforeHooks": [],
      "afterHooks": [],
      "tests": [],
      "suites": [
        {
          "uuid": "f9a1e372-9fc3-45f9-8d6c-392ae0ce9fd1",
          "title": "Contact Us Form",
          "fullFile": "",
          "file": "",
          "beforeHooks": [],
          "afterHooks": [],
          "tests": [
            {
              "title": "Contact Us Form works currectry",
              "fullTitle": "Contact Us Form Contact Us Form works currectry",
              "timedOut": null,
              "duration": 5427,
              "state": "passed",
              "speed": "medium",
              "pass": true,
              "fail": false,
              "pending": false,
              "context": null,
              "code": "cy.visit('https://automationexercise.com/');\ncy.get('.logo').should('be.visible');\ncy.get('.nav.navbar-nav').should('be.visible');\ncy.get('a').contains('Contact us').click();\ncy.contains('Get In Touch').should('be.visible');\ncy.get('[data-qa=\"name\"]').type('user');\ncy.get('[data-qa=\"email\"]').type('testemail@gmail.com');\ncy.get('[data-qa=\"subject\"]').type('any text');\ncy.get('[data-qa=\"message\"]').type('any text');\ncy.get('input[name=\"upload_file\"]').selectFile('cypress/fixtures/img.jpg');\ncy.get('[data-qa=\"submit-button\"]').click();\ncy.contains('Success! Your details have been submitted successfully.').should('be.visible');\ncy.get('a').contains('Home').click();\ncy.url().should('contain', 'https://automationexercise.com/');",
              "err": {},
              "uuid": "6df5d0ca-774b-4311-b976-bf2988ded18e",
              "parentUUID": "f9a1e372-9fc3-45f9-8d6c-392ae0ce9fd1",
              "isHook": false,
              "skipped": false
            }
          ],
          "suites": [],
          "passes": [
            "6df5d0ca-774b-4311-b976-bf2988ded18e"
          ],
          "failures": [],
          "pending": [],
          "skipped": [],
          "duration": 5427,
          "root": false,
          "rootEmpty": false,
          "_timeout": 2000
        }
      ],
      "passes": [],
      "failures": [],
      "pending": [],
      "skipped": [],
      "duration": 0,
      "root": true,
      "rootEmpty": true,
      "_timeout": 2000
    }
  ],
  "meta": {
    "mocha": {
      "version": "7.0.1"
    },
    "mochawesome": {
      "options": {
        "quiet": false,
        "reportFilename": "mochawesome",
        "saveHtml": true,
        "saveJson": true,
        "consoleReporter": "spec",
        "useInlineDiffs": false,
        "code": true
      },
      "version": "7.1.3"
    },
    "marge": {
      "options": {
        "reportDir": "cypress/results/.jsons",
        "overwrite": true,
        "html": true,
        "json": true,
        "timestamp": "yyyy-mm-dd HH:MM:ss"
      },
      "version": "6.2.0"
    }
  }
}