{
  "stats": {
    "suites": 1,
    "tests": 1,
    "passes": 1,
    "pending": 0,
    "failures": 0,
    "start": "2024-11-18T08:56:19.341Z",
    "end": "2024-11-18T08:56:56.015Z",
    "duration": 36674,
    "testsRegistered": 1,
    "passPercent": 100,
    "pendingPercent": 0,
    "other": 0,
    "hasOther": false,
    "skipped": 0,
    "hasSkipped": false
  },
  "results": [
    {
      "uuid": "cdbdc03a-be11-4d3b-bf4e-7ddf28718b12",
      "title": "",
      "fullFile": "cypress/e2e/VerifyAddressDetailsInCheckoutPage.cy.js",
      "file": "cypress/e2e/VerifyAddressDetailsInCheckoutPage.cy.js",
      "beforeHooks": [],
      "afterHooks": [],
      "tests": [],
      "suites": [
        {
          "uuid": "e2935a9a-0d5a-44f6-a83e-1b848fd7a7e6",
          "title": "Address Details Checkout Page",
          "fullFile": "",
          "file": "",
          "beforeHooks": [],
          "afterHooks": [],
          "tests": [
            {
              "title": "Verify Address Details InCheckout Page",
              "fullTitle": "Address Details Checkout Page Verify Address Details InCheckout Page",
              "timedOut": null,
              "duration": 35202,
              "state": "passed",
              "speed": "slow",
              "pass": true,
              "fail": false,
              "pending": false,
              "context": null,
              "code": "cy.visit('https://automationexercise.com/');\ncy.get('.logo').should('be.visible');\ncy.get('.nav.navbar-nav').should('be.visible');\nconst baseEmail = 'testuser1@example.com';\nconst username = 'Test User';\ncy.visit('https://automationexercise.com/');\ncy.get('.logo').should('be.visible');\ncy.get('.nav.navbar-nav').should('be.visible');\ncy.get('a').contains('Signup / Login').click();\ncy.get('.signup-form > h2').should('be.visible');\ncy.get('[data-qa=\"signup-name\"]').type(username);\ncy.get('[data-qa=\"signup-email\"]').type(baseEmail, {\n  delay: 200\n});\ncy.get('[data-qa=\"signup-button\"]').click();\ncy.get('.signup-form > form > p').should('contain', 'Email Address already exist!');\nconst timestamp = new Date().getTime(); // Генерация уникального email\nconst newEmail = `testuser${timestamp}@example.com`;\ncy.get('[data-qa=\"signup-email\"]').clear().type(newEmail, {\n  delay: 200\n});\ncy.wait(5000);\ncy.get('[data-qa=\"signup-button\"]').click();\ncy.get('h2.title.text-center').should('be.visible');\ncy.get('#id_gender1').check();\ncy.get('[data-qa=\"password\"]').type('test123');\ncy.get('[data-qa=\"days\"]').select(25);\ncy.get('[data-qa=\"months\"]').select('June');\ncy.get('[data-qa=\"years\"]').select('1994');\ncy.get('#newsletter').check();\ncy.get('#newsletter').check();\ncy.get('[data-qa=\"first_name\"]').type('Jhon');\ncy.get('[data-qa=\"last_name\"]').type('Smith');\ncy.get('[data-qa=\"company\"]').type('OZON');\ncy.get('[data-qa=\"address\"]').type('Moscow, Moscow-Plaza, 10');\ncy.get('[data-qa=\"address2\"]').type('Saint-Peterburg, Newskogo 12/2');\ncy.get('[data-qa=\"country\"]').select('Canada');\ncy.get('[data-qa=\"state\"]').type('Moscow region');\ncy.get('[data-qa=\"city\"]').type('Moscow');\ncy.get('[data-qa=\"zipcode\"]').type('1234567');\ncy.get('[data-qa=\"mobile_number\"]').type('+9182345123');\ncy.get('[data-qa=\"create-account\"]').click();\ncy.get('[data-qa=\"account-created\"]').should('be.visible');\ncy.get('[data-qa=\"continue-button\"]').click();\ncy.get('.single-products').first().trigger('mouseover');\ncy.get('a.btn.btn-default.add-to-cart').first().should('be.visible').click();\ncy.get('a').contains('View Cart').click();\ncy.get('#cart_info_table').within(() => {\n  cy.get('td.cart_price p').should('have.text', 'Rs. 500');\n  cy.get('td.cart_quantity button').should('have.text', '1');\n  cy.get('td.cart_total p.cart_total_price').should('have.text', 'Rs. 500');\n});\ncy.get('a').contains('Proceed To Checkout').click();\ncy.get('#address_delivery > :nth-child(4)').should('have.text', 'Moscow, Moscow-Plaza, 10');\ncy.get('#address_invoice > :nth-child(4)').should('have.text', 'Moscow, Moscow-Plaza, 10');\ncy.get('a').contains('Delete Account').click();\ncy.contains('Account Deleted!').should('be.visible');\ncy.contains('Continue').click();\ncy.get('a').contains('Logged in as').should('not.exist');",
              "err": {},
              "uuid": "2bc29d47-550b-4714-bdfa-0812f8cb2167",
              "parentUUID": "e2935a9a-0d5a-44f6-a83e-1b848fd7a7e6",
              "isHook": false,
              "skipped": false
            }
          ],
          "suites": [],
          "passes": [
            "2bc29d47-550b-4714-bdfa-0812f8cb2167"
          ],
          "failures": [],
          "pending": [],
          "skipped": [],
          "duration": 35202,
          "root": false,
          "rootEmpty": false,
          "_timeout": 2000
        }
      ],
      "passes": [],
      "failures": [],
      "pending": [],
      "skipped": [],
      "duration": 0,
      "root": true,
      "rootEmpty": true,
      "_timeout": 2000
    }
  ],
  "meta": {
    "mocha": {
      "version": "7.0.1"
    },
    "mochawesome": {
      "options": {
        "quiet": false,
        "reportFilename": "mochawesome",
        "saveHtml": true,
        "saveJson": true,
        "consoleReporter": "spec",
        "useInlineDiffs": false,
        "code": true
      },
      "version": "7.1.3"
    },
    "marge": {
      "options": {
        "reportDir": "cypress/results/.jsons",
        "overwrite": true,
        "html": true,
        "json": true,
        "timestamp": "yyyy-mm-dd HH:MM:ss"
      },
      "version": "6.2.0"
    }
  }
}